\BOOKMARK [0][-]{chapter.1}{Introducci\363n y Generalidades}{}% 1
\BOOKMARK [1][-]{section.1.1}{Introducci\363n}{chapter.1}% 2
\BOOKMARK [1][-]{section.1.2}{Modelos Tradicionales}{chapter.1}% 3
\BOOKMARK [1][-]{section.1.3}{Modelos Reactivos}{chapter.1}% 4
\BOOKMARK [1][-]{section.1.4}{Modelos H\355bridos}{chapter.1}% 5
\BOOKMARK [1][-]{section.1.5}{Comportamientos Reactivos}{chapter.1}% 6
\BOOKMARK [1][-]{section.1.6}{Campos Potenciales}{chapter.1}% 7
\BOOKMARK [1][-]{section.1.7}{Campos Potenciales Atractivos}{chapter.1}% 8
\BOOKMARK [1][-]{section.1.8}{Campos Potenciales Repulsivos}{chapter.1}% 9
\BOOKMARK [1][-]{section.1.9}{Campos Potenciales Usando Sensores de Proximidad}{chapter.1}% 10
\BOOKMARK [1][-]{section.1.10}{Trayectorias}{chapter.1}% 11
\BOOKMARK [1][-]{section.1.11}{Repaso Transformada de Laplace}{chapter.1}% 12
\BOOKMARK [1][-]{section.1.12}{Transformada Inversa}{chapter.1}% 13
\BOOKMARK [1][-]{section.1.13}{Fracciones Parciales}{chapter.1}% 14
\BOOKMARK [1][-]{section.1.14}{Polos Rales M\372ltiples}{chapter.1}% 15
\BOOKMARK [1][-]{section.1.15}{Polos Complejos Conjugados}{chapter.1}% 16
\BOOKMARK [1][-]{section.1.16}{Motores de Corriente Directa}{chapter.1}% 17
\BOOKMARK [1][-]{section.1.17}{Transformada Z}{chapter.1}% 18
\BOOKMARK [1][-]{section.1.18}{Ecuaci\363n en Diferencias}{chapter.1}% 19
\BOOKMARK [1][-]{section.1.19}{Repaso Matem\341tica Discreta}{chapter.1}% 20
\BOOKMARK [1][-]{section.1.20}{Movimiento en las llantas}{chapter.1}% 21
\BOOKMARK [1][-]{section.1.21}{Movimiento Lineal de Robot}{chapter.1}% 22
\BOOKMARK [1][-]{section.1.22}{Movimiento Rotacional del Robot}{chapter.1}% 23
\BOOKMARK [1][-]{section.1.23}{Movimiento del Robot}{chapter.1}% 24
\BOOKMARK [0][-]{chapter.2}{Robots M\363viles y Agentes Inteligentes}{}% 25
\BOOKMARK [1][-]{section.2.1}{Introducci\363n}{chapter.2}% 26
\BOOKMARK [2][-]{subsection.2.1.1}{Primitivas de la rob\363tica}{section.2.1}% 27
\BOOKMARK [2][-]{subsection.2.1.2}{Componentes b\341sicos de un robot m\363vil}{section.2.1}% 28
\BOOKMARK [2][-]{subsection.2.1.3}{Paradigmas de la rob\363tica}{section.2.1}% 29
\BOOKMARK [1][-]{section.2.2}{El problema de la planeaci\363n de movimientos}{chapter.2}% 30
\BOOKMARK [2][-]{subsection.2.2.1}{Tareas en la planeaci\363n de movimientos}{section.2.2}% 31
\BOOKMARK [2][-]{subsection.2.2.2}{Caracter\355sticas del robot}{section.2.2}% 32
\BOOKMARK [2][-]{subsection.2.2.3}{Caracter\355sticas de los algoritmos}{section.2.2}% 33
\BOOKMARK [1][-]{section.2.3}{Planeaci\363n de rutas}{chapter.2}% 34
\BOOKMARK [2][-]{subsection.2.3.1}{Celdas de ocupaci\363n}{section.2.3}% 35
\BOOKMARK [2][-]{subsection.2.3.2}{El algoritmo A*}{section.2.3}% 36
\BOOKMARK [2][-]{subsection.2.3.3}{Suavizado por descenso del gradiente}{section.2.3}% 37
\BOOKMARK [1][-]{section.2.4}{Modelo cinem\341tico y control de posici\363n}{chapter.2}% 38
\BOOKMARK [2][-]{subsection.2.4.1}{Modelo en variables de estado}{section.2.4}% 39
\BOOKMARK [2][-]{subsection.2.4.2}{Estabilidad de sistemas no lineales}{section.2.4}% 40
\BOOKMARK [2][-]{subsection.2.4.3}{Leyes de control}{section.2.4}% 41
\BOOKMARK [1][-]{section.2.5}{Campos potenciales artificiales}{chapter.2}% 42
\BOOKMARK [2][-]{subsection.2.5.1}{Dise\361o mediante campos atractivos y repulsivos}{section.2.5}% 43
\BOOKMARK [2][-]{subsection.2.5.2}{Movimiento por descenso del gradiente}{section.2.5}% 44
\BOOKMARK [1][-]{section.2.6}{Localizaci\363n}{chapter.2}% 45
\BOOKMARK [2][-]{subsection.2.6.1}{El Filtro de Kalman Extendido}{section.2.6}% 46
\BOOKMARK [2][-]{subsection.2.6.2}{M\351todo del histograma}{section.2.6}% 47
\BOOKMARK [1][-]{section.2.7}{La plataforma ROS}{chapter.2}% 48
